This is pdfTeX, Version 3.14159265-2.6-1.40.20 (TeX Live 2019/Debian) (preloaded format=pdflatex 2021.9.23)  23 SEP 2021 22:01
entering extended mode
 restricted \write18 enabled.
 %&-line parsing enabled.
**annotated.tex
(./annotated.tex
LaTeX2e <2020-02-02> patch level 2
L3 programming layer <2020-02-14>
! Undefined control sequence.
l.1 \doxysection
                {Class List}
? 

! LaTeX Error: Missing \begin{document}.

See the LaTeX manual or LaTeX Companion for explanation.
Type  H <return>  for immediate help.
 ...                                              
                                                  
l.1 \doxysection{C
                  lass List}
? 
Missing character: There is no C in font nullfont!
Missing character: There is no l in font nullfont!
Missing character: There is no a in font nullfont!
Missing character: There is no s in font nullfont!
Missing character: There is no s in font nullfont!
Missing character: There is no L in font nullfont!
Missing character: There is no i in font nullfont!
Missing character: There is no s in font nullfont!
Missing character: There is no t in font nullfont!
Missing character: There is no H in font nullfont!
Missing character: There is no e in font nullfont!
Missing character: There is no r in font nullfont!
Missing character: There is no e in font nullfont!
Missing character: There is no a in font nullfont!
Missing character: There is no r in font nullfont!
Missing character: There is no e in font nullfont!
Missing character: There is no t in font nullfont!
Missing character: There is no h in font nullfont!
Missing character: There is no e in font nullfont!
Missing character: There is no c in font nullfont!
Missing character: There is no l in font nullfont!
Missing character: There is no a in font nullfont!
Missing character: There is no s in font nullfont!
Missing character: There is no s in font nullfont!
Missing character: There is no e in font nullfont!
Missing character: There is no s in font nullfont!
Missing character: There is no , in font nullfont!
Missing character: There is no s in font nullfont!
Missing character: There is no t in font nullfont!
Missing character: There is no r in font nullfont!
Missing character: There is no u in font nullfont!
Missing character: There is no c in font nullfont!
Missing character: There is no t in font nullfont!
Missing character: There is no s in font nullfont!
Missing character: There is no , in font nullfont!
Missing character: There is no u in font nullfont!
Missing character: There is no n in font nullfont!
Missing character: There is no i in font nullfont!
Missing character: There is no o in font nullfont!
Missing character: There is no n in font nullfont!
Missing character: There is no s in font nullfont!
Missing character: There is no a in font nullfont!
Missing character: There is no n in font nullfont!
Missing character: There is no d in font nullfont!
Missing character: There is no i in font nullfont!
Missing character: There is no n in font nullfont!
Missing character: There is no t in font nullfont!
Missing character: There is no e in font nullfont!
Missing character: There is no r in font nullfont!
Missing character: There is no f in font nullfont!
Missing character: There is no a in font nullfont!
Missing character: There is no c in font nullfont!
Missing character: There is no e in font nullfont!
Missing character: There is no s in font nullfont!
Missing character: There is no w in font nullfont!
Missing character: There is no i in font nullfont!
Missing character: There is no t in font nullfont!
Missing character: There is no h in font nullfont!
Missing character: There is no b in font nullfont!
Missing character: There is no r in font nullfont!
Missing character: There is no i in font nullfont!
Missing character: There is no e in font nullfont!
Missing character: There is no f in font nullfont!
Missing character: There is no d in font nullfont!
Missing character: There is no e in font nullfont!
Missing character: There is no s in font nullfont!
Missing character: There is no c in font nullfont!
Missing character: There is no r in font nullfont!
Missing character: There is no i in font nullfont!
Missing character: There is no p in font nullfont!
Missing character: There is no t in font nullfont!
Missing character: There is no i in font nullfont!
Missing character: There is no o in font nullfont!
Missing character: There is no n in font nullfont!
Missing character: There is no s in font nullfont!
! Undefined control sequence.
l.2 ...ns and interfaces with brief descriptions\+
                                                  :\begin{DoxyCompactList}
? 
Missing character: There is no : in font nullfont!

! LaTeX Error: Environment DoxyCompactList undefined.

See the LaTeX manual or LaTeX Companion for explanation.
Type  H <return>  for immediate help.
 ...                                              
                                                  
l.2 ...rief descriptions\+:\begin{DoxyCompactList}
                                                  
? 

Overfull \hbox (20.0pt too wide) in paragraph at lines 1--3
[]
 []


! LaTeX Error: Lonely \item--perhaps a missing list environment.

See the LaTeX manual or LaTeX Companion for explanation.
Type  H <return>  for immediate help.
 ...                                              
                                                  
l.3 \item\contentsline
                      {section}{\mbox{\hyperlink{classfsm_1_1FsmRobot}{fsm.\...

? 
! Undefined control sequence.
<argument> \hyperlink 
                      {classfsm_1_1FsmRobot}{fsm.\+Fsm\+Robot}
l.3 ...nk{classfsm_1_1FsmRobot}{fsm.\+Fsm\+Robot}}
                                                   }{\pageref{classfsm_1_1Fs...

? 
Missing character: There is no c in font nullfont!
Missing character: There is no l in font nullfont!
Missing character: There is no a in font nullfont!
Missing character: There is no s in font nullfont!
Missing character: There is no s in font nullfont!
Missing character: There is no f in font nullfont!
Missing character: There is no s in font nullfont!
Missing character: There is no m in font nullfont!
! Missing $ inserted.
<inserted text> 
                $
l.3 ...nk{classfsm_1_1FsmRobot}{fsm.\+Fsm\+Robot}}
                                                   }{\pageref{classfsm_1_1Fs...

? 
LaTeX Font Info:    External font `cmex10' loaded for size
(Font)              <7> on input line 3.
LaTeX Font Info:    External font `cmex10' loaded for size
(Font)              <5> on input line 3.
! Double subscript.
<argument> \hyperlink {classfsm_1_
                                  1FsmRobot}{fsm.\+Fsm\+Robot}
l.3 ...nk{classfsm_1_1FsmRobot}{fsm.\+Fsm\+Robot}}
                                                   }{\pageref{classfsm_1_1Fs...

? 
! Extra }, or forgotten $.
<argument> \hyperlink {classfsm_1_1FsmRobot}
                                            {fsm.\+Fsm\+Robot}
l.3 ...nk{classfsm_1_1FsmRobot}{fsm.\+Fsm\+Robot}}
                                                   }{\pageref{classfsm_1_1Fs...

? 
! Undefined control sequence.
<argument> ...erlink {classfsm_1_1FsmRobot}{fsm.\+
                                                  Fsm\+Robot}
l.3 ...nk{classfsm_1_1FsmRobot}{fsm.\+Fsm\+Robot}}
                                                   }{\pageref{classfsm_1_1Fs...

? 
! Undefined control sequence.
<argument> ...k {classfsm_1_1FsmRobot}{fsm.\+Fsm\+
                                                  Robot}
l.3 ...nk{classfsm_1_1FsmRobot}{fsm.\+Fsm\+Robot}}
                                                   }{\pageref{classfsm_1_1Fs...

? 
! Extra }, or forgotten $.
\mbox  #1->\leavevmode \hbox {#1}
                                 
l.3 ...nk{classfsm_1_1FsmRobot}{fsm.\+Fsm\+Robot}}
                                                   }{\pageref{classfsm_1_1Fs...

? 
! Extra }, or forgotten $.
l.3 ...{classfsm_1_1FsmRobot}{fsm.\+Fsm\+Robot}} }
                                                  {\pageref{classfsm_1_1FsmR...

? 
! Undefined control sequence.
<write> ...classfsm_1_1FsmRobot' on page \thepage 
                                                  \space undefined\on@line .
l.3 ...m\+Robot}} }{\pageref{classfsm_1_1FsmRobot}
                                                  }{}
? 

LaTeX Warning: Reference `classfsm_1_1FsmRobot' on page  undefined on input lin
e 3.


! LaTeX Error: Command \item invalid in math mode.

See the LaTeX manual or LaTeX Companion for explanation.
Type  H <return>  for immediate help.
 ...                                              
                                                  
l.4 \item
         \contentsline{section}{\mbox{\hyperlink{classfsm_1_1FsmState}{fsm.\...

? 

! LaTeX Error: Something's wrong--perhaps a missing \item.

See the LaTeX manual or LaTeX Companion for explanation.
Type  H <return>  for immediate help.
 ...                                              
                                                  
l.4 \item\contentsline
                      {section}{\mbox{\hyperlink{classfsm_1_1FsmState}{fsm.\...

? 

! LaTeX Error: Something's wrong--perhaps a missing \item.

See the LaTeX manual or LaTeX Companion for explanation.
Type  H <return>  for immediate help.
 ...                                              
                                                  
l.4 \item\contentsline
                      {section}{\mbox{\hyperlink{classfsm_1_1FsmState}{fsm.\...

? 

! LaTeX Error: Lonely \item--perhaps a missing list environment.

See the LaTeX manual or LaTeX Companion for explanation.
Type  H <return>  for immediate help.
 ...                                              
                                                  
l.4 \item\contentsline
                      {section}{\mbox{\hyperlink{classfsm_1_1FsmState}{fsm.\...

? 
! Undefined control sequence.
<argument> \hyperlink 
                      {classfsm_1_1FsmState}{fsm.\+Fsm\+State}
l.4 ...nk{classfsm_1_1FsmState}{fsm.\+Fsm\+State}}
                                                   }{\pageref{classfsm_1_1Fs...

? 
Missing character: There is no c in font nullfont!
Missing character: There is no l in font nullfont!
Missing character: There is no a in font nullfont!
Missing character: There is no s in font nullfont!
Missing character: There is no s in font nullfont!
Missing character: There is no f in font nullfont!
Missing character: There is no s in font nullfont!
Missing character: There is no m in font nullfont!
! Missing $ inserted.
<inserted text> 
                $
l.4 ...nk{classfsm_1_1FsmState}{fsm.\+Fsm\+State}}
                                                   }{\pageref{classfsm_1_1Fs...

? 
! Double subscript.
<argument> \hyperlink {classfsm_1_
                                  1FsmState}{fsm.\+Fsm\+State}
l.4 ...nk{classfsm_1_1FsmState}{fsm.\+Fsm\+State}}
                                                   }{\pageref{classfsm_1_1Fs...

? 
! Extra }, or forgotten $.
<argument> \hyperlink {classfsm_1_1FsmState}
                                            {fsm.\+Fsm\+State}
l.4 ...nk{classfsm_1_1FsmState}{fsm.\+Fsm\+State}}
                                                   }{\pageref{classfsm_1_1Fs...

? 
! Undefined control sequence.
<argument> ...erlink {classfsm_1_1FsmState}{fsm.\+
                                                  Fsm\+State}
l.4 ...nk{classfsm_1_1FsmState}{fsm.\+Fsm\+State}}
                                                   }{\pageref{classfsm_1_1Fs...

? 
! Undefined control sequence.
<argument> ...k {classfsm_1_1FsmState}{fsm.\+Fsm\+
                                                  State}
l.4 ...nk{classfsm_1_1FsmState}{fsm.\+Fsm\+State}}
                                                   }{\pageref{classfsm_1_1Fs...

? 
! Extra }, or forgotten $.
\mbox  #1->\leavevmode \hbox {#1}
                                 
l.4 ...nk{classfsm_1_1FsmState}{fsm.\+Fsm\+State}}
                                                   }{\pageref{classfsm_1_1Fs...

? 
! Extra }, or forgotten $.
l.4 ...{classfsm_1_1FsmState}{fsm.\+Fsm\+State}} }
                                                  {\pageref{classfsm_1_1FsmS...

? 
! Undefined control sequence.
<write> ...classfsm_1_1FsmState' on page \thepage 
                                                  \space undefined\on@line .
l.4 ...m\+State}} }{\pageref{classfsm_1_1FsmState}
                                                  }{}
? 

LaTeX Warning: Reference `classfsm_1_1FsmState' on page  undefined on input lin
e 4.


! LaTeX Error: Command \item invalid in math mode.

See the LaTeX manual or LaTeX Companion for explanation.
Type  H <return>  for immediate help.
 ...                                              
                                                  
l.5 \item
         \contentsline{section}{\mbox{\hyperlink{classfsm_1_1FsmStates}{fsm....

? 
! Missing $ inserted.
<inserted text> 
                $
l.5 \item\contentsline
                      {section}{\mbox{\hyperlink{classfsm_1_1FsmStates}{fsm....

? 

! LaTeX Error: Something's wrong--perhaps a missing \item.

See the LaTeX manual or LaTeX Companion for explanation.
Type  H <return>  for immediate help.
 ...                                              
                                                  
l.5 \item\contentsline
                      {section}{\mbox{\hyperlink{classfsm_1_1FsmStates}{fsm....

? 

! LaTeX Error: Something's wrong--perhaps a missing \item.

See the LaTeX manual or LaTeX Companion for explanation.
Type  H <return>  for immediate help.
 ...                                              
                                                  
l.5 \item\contentsline
                      {section}{\mbox{\hyperlink{classfsm_1_1FsmStates}{fsm....

? 

! LaTeX Error: Lonely \item--perhaps a missing list environment.

See the LaTeX manual or LaTeX Companion for explanation.
Type  H <return>  for immediate help.
 ...                                              
                                                  
l.5 \item\contentsline
                      {section}{\mbox{\hyperlink{classfsm_1_1FsmStates}{fsm....

? 
! Undefined control sequence.
<argument> \hyperlink 
                      {classfsm_1_1FsmStates}{fsm.\+Fsm\+States}
l.5 ...{classfsm_1_1FsmStates}{fsm.\+Fsm\+States}}
                                                   }{\pageref{classfsm_1_1Fs...

? 
Missing character: There is no c in font nullfont!
Missing character: There is no l in font nullfont!
Missing character: There is no a in font nullfont!
Missing character: There is no s in font nullfont!
Missing character: There is no s in font nullfont!
Missing character: There is no f in font nullfont!
Missing character: There is no s in font nullfont!
Missing character: There is no m in font nullfont!
! Missing $ inserted.
<inserted text> 
                $
l.5 ...{classfsm_1_1FsmStates}{fsm.\+Fsm\+States}}
                                                   }{\pageref{classfsm_1_1Fs...

? 
! Double subscript.
<argument> \hyperlink {classfsm_1_
                                  1FsmStates}{fsm.\+Fsm\+States}
l.5 ...{classfsm_1_1FsmStates}{fsm.\+Fsm\+States}}
                                                   }{\pageref{classfsm_1_1Fs...

? 
! Extra }, or forgotten $.
<argument> \hyperlink {classfsm_1_1FsmStates}
                                             {fsm.\+Fsm\+States}
l.5 ...{classfsm_1_1FsmStates}{fsm.\+Fsm\+States}}
                                                   }{\pageref{classfsm_1_1Fs...

? 
! Undefined control sequence.
<argument> ...rlink {classfsm_1_1FsmStates}{fsm.\+
                                                  Fsm\+States}
l.5 ...{classfsm_1_1FsmStates}{fsm.\+Fsm\+States}}
                                                   }{\pageref{classfsm_1_1Fs...

? 
! Undefined control sequence.
<argument> ... {classfsm_1_1FsmStates}{fsm.\+Fsm\+
                                                  States}
l.5 ...{classfsm_1_1FsmStates}{fsm.\+Fsm\+States}}
                                                   }{\pageref{classfsm_1_1Fs...

? 
! Extra }, or forgotten $.
\mbox  #1->\leavevmode \hbox {#1}
                                 
l.5 ...{classfsm_1_1FsmStates}{fsm.\+Fsm\+States}}
                                                   }{\pageref{classfsm_1_1Fs...

? 
! Extra }, or forgotten $.
l.5 ...lassfsm_1_1FsmStates}{fsm.\+Fsm\+States}} }
                                                  {\pageref{classfsm_1_1FsmS...

? 
! Undefined control sequence.
<write> ...lassfsm_1_1FsmStates' on page \thepage 
                                                  \space undefined\on@line .
l.5 ...+States}} }{\pageref{classfsm_1_1FsmStates}
                                                  }{}
? 

LaTeX Warning: Reference `classfsm_1_1FsmStates' on page  undefined on input li
ne 5.


! LaTeX Error: Command \item invalid in math mode.

See the LaTeX manual or LaTeX Companion for explanation.
Type  H <return>  for immediate help.
 ...                                              
                                                  
l.6 \item
         \contentsline{section}{\mbox{\hyperlink{classregulator_1_1Regulator...

? 
! Missing $ inserted.
<inserted text> 
                $
l.6 \item\contentsline
                      {section}{\mbox{\hyperlink{classregulator_1_1Regulator...

? 

! LaTeX Error: Something's wrong--perhaps a missing \item.

See the LaTeX manual or LaTeX Companion for explanation.
Type  H <return>  for immediate help.
 ...                                              
                                                  
l.6 \item\contentsline
                      {section}{\mbox{\hyperlink{classregulator_1_1Regulator...

? 

! LaTeX Error: Something's wrong--perhaps a missing \item.

See the LaTeX manual or LaTeX Companion for explanation.
Type  H <return>  for immediate help.
 ...                                              
                                                  
l.6 \item\contentsline
                      {section}{\mbox{\hyperlink{classregulator_1_1Regulator...

? 

! LaTeX Error: Lonely \item--perhaps a missing list environment.

See the LaTeX manual or LaTeX Companion for explanation.
Type  H <return>  for immediate help.
 ...                                              
                                                  
l.6 \item\contentsline
                      {section}{\mbox{\hyperlink{classregulator_1_1Regulator...

? q
OK, entering \batchmode...
! Undefined control sequence.
<argument> \hyperlink 
                      {classregulator_1_1Regulator}{regulator.\+Regulator}
l.6 ...lator_1_1Regulator}{regulator.\+Regulator}}
                                                   }{\pageref{classregulator...
The control sequence at the end of the top line
of your error message was never \def'ed. If you have
misspelled it (e.g., `\hobx'), type `I' and the correct
spelling (e.g., `I\hbox'). Otherwise just continue,
and I'll forget about whatever was undefined.

Missing character: There is no c in font nullfont!
Missing character: There is no l in font nullfont!
Missing character: There is no a in font nullfont!
Missing character: There is no s in font nullfont!
Missing character: There is no s in font nullfont!
Missing character: There is no r in font nullfont!
Missing character: There is no e in font nullfont!
Missing character: There is no g in font nullfont!
Missing character: There is no u in font nullfont!
Missing character: There is no l in font nullfont!
Missing character: There is no a in font nullfont!
Missing character: There is no t in font nullfont!
Missing character: There is no o in font nullfont!
Missing character: There is no r in font nullfont!
! Missing $ inserted.
<inserted text> 
                $
l.6 ...lator_1_1Regulator}{regulator.\+Regulator}}
                                                   }{\pageref{classregulator...
I've inserted a begin-math/end-math symbol since I think
you left one out. Proceed, with fingers crossed.

! Double subscript.
<argument> \hyperlink {classregulator_1_
                                        1Regulator}{regulator.\+Regulator}
l.6 ...lator_1_1Regulator}{regulator.\+Regulator}}
                                                   }{\pageref{classregulator...
I treat `x_1_2' essentially like `x_1{}_2'.

! Extra }, or forgotten $.
<argument> ...erlink {classregulator_1_1Regulator}
                                                  {regulator.\+Regulator}
l.6 ...lator_1_1Regulator}{regulator.\+Regulator}}
                                                   }{\pageref{classregulator...
I've deleted a group-closing symbol because it seems to be
spurious, as in `$x}$'. But perhaps the } is legitimate and
you forgot something else, as in `\hbox{$x}'. In such cases
the way to recover is to insert both the forgotten and the
deleted material, e.g., by typing `I$}'.

! Undefined control sequence.
<argument> ...regulator_1_1Regulator}{regulator.\+
                                                  Regulator}
l.6 ...lator_1_1Regulator}{regulator.\+Regulator}}
                                                   }{\pageref{classregulator...
The control sequence at the end of the top line
of your error message was never \def'ed. If you have
misspelled it (e.g., `\hobx'), type `I' and the correct
spelling (e.g., `I\hbox'). Otherwise just continue,
and I'll forget about whatever was undefined.

! Extra }, or forgotten $.
\mbox  #1->\leavevmode \hbox {#1}
                                 
l.6 ...lator_1_1Regulator}{regulator.\+Regulator}}
                                                   }{\pageref{classregulator...
I've deleted a group-closing symbol because it seems to be
spurious, as in `$x}$'. But perhaps the } is legitimate and
you forgot something else, as in `\hbox{$x}'. In such cases
the way to recover is to insert both the forgotten and the
deleted material, e.g., by typing `I$}'.

! Extra }, or forgotten $.
l.6 ...tor_1_1Regulator}{regulator.\+Regulator}} }
                                                  {\pageref{classregulator_1...
I've deleted a group-closing symbol because it seems to be
spurious, as in `$x}$'. But perhaps the } is legitimate and
you forgot something else, as in `\hbox{$x}'. In such cases
the way to recover is to insert both the forgotten and the
deleted material, e.g., by typing `I$}'.

! Undefined control sequence.
<write> ...gulator_1_1Regulator' on page \thepage 
                                                  \space undefined\on@line .
l.6 ...r}} }{\pageref{classregulator_1_1Regulator}
                                                  }{}
The control sequence at the end of the top line
of your error message was never \def'ed. If you have
misspelled it (e.g., `\hobx'), type `I' and the correct
spelling (e.g., `I\hbox'). Otherwise just continue,
and I'll forget about whatever was undefined.


LaTeX Warning: Reference `classregulator_1_1Regulator' on page  undefined on in
put line 6.


! LaTeX Error: \begin{document} ended by \end{DoxyCompactList}.

See the LaTeX manual or LaTeX Companion for explanation.
Type  H <return>  for immediate help.
 ...                                              
                                                  
l.7 \end{DoxyCompactList}
                         
Your command was ignored.
Type  I <command> <return>  to replace it with another command,
or  <return>  to continue without it.

! Missing $ inserted.
<inserted text> 
                $
l.7 \end{DoxyCompactList}
                         
I've inserted something that you may have forgotten.
(See the <inserted text> above.)
With luck, this will get me unwedged. But if you
really didn't forget anything, try typing `2' now; then
my insertion and my current dilemma will both disappear.

! Missing } inserted.
<inserted text> 
                }
l.7 \end{DoxyCompactList}
                         
I've inserted something that you may have forgotten.
(See the <inserted text> above.)
With luck, this will get me unwedged. But if you
really didn't forget anything, try typing `2' now; then
my insertion and my current dilemma will both disappear.

! Missing } inserted.
<inserted text> 
                }
l.7 \end{DoxyCompactList}
                         
I've inserted something that you may have forgotten.
(See the <inserted text> above.)
With luck, this will get me unwedged. But if you
really didn't forget anything, try typing `2' now; then
my insertion and my current dilemma will both disappear.

! Missing } inserted.
<inserted text> 
                }
l.7 \end{DoxyCompactList}
                         
I've inserted something that you may have forgotten.
(See the <inserted text> above.)
With luck, this will get me unwedged. But if you
really didn't forget anything, try typing `2' now; then
my insertion and my current dilemma will both disappear.

! Missing } inserted.
<inserted text> 
                }
l.7 \end{DoxyCompactList}
                         
I've inserted something that you may have forgotten.
(See the <inserted text> above.)
With luck, this will get me unwedged. But if you
really didn't forget anything, try typing `2' now; then
my insertion and my current dilemma will both disappear.

! Missing } inserted.
<inserted text> 
                }
l.7 \end{DoxyCompactList}
                         
I've inserted something that you may have forgotten.
(See the <inserted text> above.)
With luck, this will get me unwedged. But if you
really didn't forget anything, try typing `2' now; then
my insertion and my current dilemma will both disappear.

! Missing } inserted.
<inserted text> 
                }
l.7 \end{DoxyCompactList}
                         
I've inserted something that you may have forgotten.
(See the <inserted text> above.)
With luck, this will get me unwedged. But if you
really didn't forget anything, try typing `2' now; then
my insertion and my current dilemma will both disappear.

! Missing } inserted.
<inserted text> 
                }
l.7 \end{DoxyCompactList}
                         
I've inserted something that you may have forgotten.
(See the <inserted text> above.)
With luck, this will get me unwedged. But if you
really didn't forget anything, try typing `2' now; then
my insertion and my current dilemma will both disappear.

! Missing } inserted.
<inserted text> 
                }
l.7 \end{DoxyCompactList}
                         
I've inserted something that you may have forgotten.
(See the <inserted text> above.)
With luck, this will get me unwedged. But if you
really didn't forget anything, try typing `2' now; then
my insertion and my current dilemma will both disappear.

! Missing } inserted.
<inserted text> 
                }
l.7 \end{DoxyCompactList}
                         
I've inserted something that you may have forgotten.
(See the <inserted text> above.)
With luck, this will get me unwedged. But if you
really didn't forget anything, try typing `2' now; then
my insertion and my current dilemma will both disappear.

! Missing $ inserted.
<inserted text> 
                $
l.7 \end{DoxyCompactList}
                         
I've inserted something that you may have forgotten.
(See the <inserted text> above.)
With luck, this will get me unwedged. But if you
really didn't forget anything, try typing `2' now; then
my insertion and my current dilemma will both disappear.

! Missing } inserted.
<inserted text> 
                }
l.7 \end{DoxyCompactList}
                         
I've inserted something that you may have forgotten.
(See the <inserted text> above.)
With luck, this will get me unwedged. But if you
really didn't forget anything, try typing `2' now; then
my insertion and my current dilemma will both disappear.

! Missing } inserted.
<inserted text> 
                }
l.7 \end{DoxyCompactList}
                         
I've inserted something that you may have forgotten.
(See the <inserted text> above.)
With luck, this will get me unwedged. But if you
really didn't forget anything, try typing `2' now; then
my insertion and my current dilemma will both disappear.

! Missing } inserted.
<inserted text> 
                }
l.7 \end{DoxyCompactList}
                         
I've inserted something that you may have forgotten.
(See the <inserted text> above.)
With luck, this will get me unwedged. But if you
really didn't forget anything, try typing `2' now; then
my insertion and my current dilemma will both disappear.

)
! Emergency stop.
<*> annotated.tex
                 
*** (job aborted, no legal \end found)

 
Here is how much of TeX's memory you used:
 28 strings out of 483183
 582 string characters out of 5966292
 231602 words of memory out of 5000000
 15144 multiletter control sequences out of 15000+600000
 532646 words of font info for 25 fonts, out of 8000000 for 9000
 14 hyphenation exceptions out of 8191
 20i,11n,15p,186b,147s stack positions out of 5000i,500n,10000p,200000b,80000s
!  ==> Fatal error occurred, no output PDF file produced!
